Flutter crash report.
Please report a bug at https://github.com/flutter/flutter/issues.

## command

flutter run --machine --dart-define=flutter.inspector.structuredErrors=false -d 6a2a6fa9 --profile --devtools-server-address http://127.0.0.1:9101/ --target /Users/user/Desktop/skycast/lib/main.dart

## exception

String: failed to connect to http://127.0.0.1:54701/UnnldgU_5kc=/ DartDevelopmentServiceException: WebSocketChannelException: SocketException: Connection refused (OS Error: Connection refused, errno = 61), address = 127.0.0.1, port = 54703

```
```

## flutter doctor

```
[✓] Flutter (Channel stable, 3.35.2, on macOS 14.3 23D56 darwin-x64, locale en-JP) [4.1s]
    • Flutter version 3.35.2 on channel stable at /Users/user/Documents/flutter
    • Upstream repository https://github.com/flutter/flutter.git
    • Framework revision 05db968908 (4 months ago), 2025-08-25 10:21:35 -0700
    • Engine revision a8bfdfc394
    • Dart version 3.9.0
    • DevTools version 2.48.0
    • Feature flags: enable-web, enable-linux-desktop, enable-macos-desktop, enable-windows-desktop, enable-android, enable-ios, no-cli-animations, enable-lldb-debugging

[✓] Android toolchain - develop for Android devices (Android SDK version 36.1.0-rc1) [12.6s]
    • Android SDK at /Users/user/Library/Android/sdk
    • Emulator version 36.1.9.0 (build_id 13823996) (CL:N/A)
    • Platform android-36, build-tools 36.1.0-rc1
    • ANDROID_HOME = /Users/user/Library/Android/sdk
    • Java binary at: /Applications/Android Studio.app/Contents/jbr/Contents/Home/bin/java
      This is the JDK bundled with the latest Android Studio installation on this machine.
      To manually set the JDK path, use: `flutter config --jdk-dir="path/to/jdk"`.
    • Java version OpenJDK Runtime Environment (build 17.0.7+0-17.0.7b1000.6-10550314)
    • All Android licenses accepted.

[✓] Xcode - develop for iOS and macOS (Xcode 15.0.1) [8.6s]
    • Xcode at /Applications/Xcode.app/Contents/Developer
    • Build 15A507
    • CocoaPods version 1.16.2

[✓] Chrome - develop for the web [58ms]
    • Chrome at /Applications/Google Chrome.app/Contents/MacOS/Google Chrome

[✓] Android Studio (version 2023.1) [57ms]
    • Android Studio at /Applications/Android Studio.app/Contents
    • Flutter plugin can be installed from:
      🔨 https://plugins.jetbrains.com/plugin/9212-flutter
    • Dart plugin can be installed from:
      🔨 https://plugins.jetbrains.com/plugin/6351-dart
    • Java version OpenJDK Runtime Environment (build 17.0.7+0-17.0.7b1000.6-10550314)

[✓] IntelliJ IDEA Community Edition (version 2024.3.1) [55ms]
    • IntelliJ at /Applications/IntelliJ IDEA CE.app
    • Flutter plugin can be installed from:
      🔨 https://plugins.jetbrains.com/plugin/9212-flutter
    • Dart plugin can be installed from:
      🔨 https://plugins.jetbrains.com/plugin/6351-dart

[✓] VS Code (version 1.104.0) [7ms]
    • VS Code at /Users/user/Downloads/Visual Studio Code.app/Contents
    • Flutter extension version 3.124.0

[✓] Connected device (2 available) [7.2s]
    • macOS (desktop) • macos  • darwin-x64     • macOS 14.3 23D56 darwin-x64
    • Chrome (web)    • chrome • web-javascript • Google Chrome 143.0.7499.111

[✓] Network resources [828ms]
    • All expected network resources are available.

• No issues found!
```
